Determining if the rint exist failed with the following output:
Change Dir: /Users/hengsun/Documents/Thesis/suitesparse-metis-for-windows-1.4.0/build/CMakeFiles/CMakeTmp

Run Build Command(s):/usr/bin/make cmTC_d4407/fast 
/Applications/Xcode.app/Contents/Developer/usr/bin/make -f CMakeFiles/cmTC_d4407.dir/build.make CMakeFiles/cmTC_d4407.dir/build
Building CXX object CMakeFiles/cmTC_d4407.dir/CheckSymbolExists.cxx.o
/Applications/Xcode.app/Contents/Developer/Toolchains/XcodeDefault.xctoolchain/usr/bin/c++    -isysroot /Applications/Xcode.app/Contents/Developer/Platforms/MacOSX.platform/Developer/SDKs/MacOSX10.14.sdk   -o CMakeFiles/cmTC_d4407.dir/CheckSymbolExists.cxx.o -c /Users/hengsun/Documents/Thesis/suitesparse-metis-for-windows-1.4.0/build/CMakeFiles/CMakeTmp/CheckSymbolExists.cxx
/Users/hengsun/Documents/Thesis/suitesparse-metis-for-windows-1.4.0/build/CMakeFiles/CMakeTmp/CheckSymbolExists.cxx:8:19: error: address of overloaded function 'rint' does not match required type 'int'
  return ((int*)(&rint))[argc];
                  ^~~~
/Applications/Xcode.app/Contents/Developer/Toolchains/XcodeDefault.xctoolchain/usr/include/c++/v1/math.h:1428:46: note: candidate function
inline _LIBCPP_INLINE_VISIBILITY long double rint(long double __lcpp_x) _NOEXCEPT {return ::rintl(__lcpp_x);}
                                             ^
/Applications/Xcode.app/Contents/Developer/Toolchains/XcodeDefault.xctoolchain/usr/include/c++/v1/math.h:1427:46: note: candidate function
inline _LIBCPP_INLINE_VISIBILITY float       rint(float __lcpp_x) _NOEXCEPT       {return ::rintf(__lcpp_x);}
                                             ^
/Applications/Xcode.app/Contents/Developer/Platforms/MacOSX.platform/Developer/SDKs/MacOSX10.14.sdk/usr/include/math.h:468:15: note: candidate function
extern double rint(double);
              ^
/Applications/Xcode.app/Contents/Developer/Toolchains/XcodeDefault.xctoolchain/usr/include/c++/v1/math.h:1433:1: note: candidate template ignored: could not match 'typename std::enable_if<std::is_integral<_A1>::value, double>::type (_A1) throw()' against 'int'
rint(_A1 __lcpp_x) _NOEXCEPT {return ::rint((double)__lcpp_x);}
^
1 error generated.
make[1]: *** [CMakeFiles/cmTC_d4407.dir/CheckSymbolExists.cxx.o] Error 1
make: *** [cmTC_d4407/fast] Error 2

File /Users/hengsun/Documents/Thesis/suitesparse-metis-for-windows-1.4.0/build/CMakeFiles/CMakeTmp/CheckSymbolExists.cxx:
/* */
#include <math.h>

int main(int argc, char** argv)
{
  (void)argv;
#ifndef rint
  return ((int*)(&rint))[argc];
#else
  (void)argc;
  return 0;
#endif
}

Determining if the function sgemm_ exists failed with the following output:
Change Dir: /Users/hengsun/Documents/Thesis/suitesparse-metis-for-windows-1.4.0/build/CMakeFiles/CMakeTmp

Run Build Command(s):/usr/bin/make cmTC_ce7ae/fast 
/Applications/Xcode.app/Contents/Developer/usr/bin/make -f CMakeFiles/cmTC_ce7ae.dir/build.make CMakeFiles/cmTC_ce7ae.dir/build
Building C object CMakeFiles/cmTC_ce7ae.dir/CheckFunctionExists.c.o
/Applications/Xcode.app/Contents/Developer/Toolchains/XcodeDefault.xctoolchain/usr/bin/cc   -DCHECK_FUNCTION_EXISTS=sgemm_ -isysroot /Applications/Xcode.app/Contents/Developer/Platforms/MacOSX.platform/Developer/SDKs/MacOSX10.14.sdk   -o CMakeFiles/cmTC_ce7ae.dir/CheckFunctionExists.c.o   -c /Applications/CMake.app/Contents/share/cmake-3.14/Modules/CheckFunctionExists.c
Linking C executable cmTC_ce7ae
/Applications/CMake.app/Contents/bin/cmake -E cmake_link_script CMakeFiles/cmTC_ce7ae.dir/link.txt --verbose=1
/Applications/Xcode.app/Contents/Developer/Toolchains/XcodeDefault.xctoolchain/usr/bin/cc  -DCHECK_FUNCTION_EXISTS=sgemm_ -isysroot /Applications/Xcode.app/Contents/Developer/Platforms/MacOSX.platform/Developer/SDKs/MacOSX10.14.sdk -Wl,-search_paths_first -Wl,-headerpad_max_install_names   CMakeFiles/cmTC_ce7ae.dir/CheckFunctionExists.c.o  -o cmTC_ce7ae 
Undefined symbols for architecture x86_64:
  "_sgemm_", referenced from:
      _main in CheckFunctionExists.c.o
ld: symbol(s) not found for architecture x86_64
clang: error: linker command failed with exit code 1 (use -v to see invocation)
make[1]: *** [cmTC_ce7ae] Error 1
make: *** [cmTC_ce7ae/fast] Error 2


